2024-12-20 16:01:49,198 [INFO]: Starting the Flask application...
2024-12-20 16:01:49,309 [INFO]: [31m[1mWARNING: This is a development server. Do not use it in a production deployment. Use a production WSGI server instead.[0m
 * Running on all addresses (0.0.0.0)
 * Running on http://127.0.0.1:5000
 * Running on http://172.30.11.215:5000
2024-12-20 16:01:49,311 [INFO]: [33mPress CTRL+C to quit[0m
2024-12-20 16:01:49,313 [INFO]:  * Restarting with stat
2024-12-20 16:01:50,950 [INFO]: Starting the Flask application...
2024-12-20 16:01:50,974 [WARNING]:  * Debugger is active!
2024-12-20 16:01:50,984 [INFO]:  * Debugger PIN: 806-238-390
2024-12-20 16:01:52,435 [INFO]: 127.0.0.1 - - [20/Dec/2024 16:01:52] "GET / HTTP/1.1" 200 -
2024-12-20 16:01:54,042 [INFO]: 127.0.0.1 - - [20/Dec/2024 16:01:54] "GET /jobs/page HTTP/1.1" 200 -
2024-12-20 16:02:16,708 [INFO]: 127.0.0.1 - - [20/Dec/2024 16:02:16] "GET /swagger/ HTTP/1.1" 200 -
2024-12-20 16:02:16,755 [INFO]: 127.0.0.1 - - [20/Dec/2024 16:02:16] "GET /swagger/index.css HTTP/1.1" 200 -
2024-12-20 16:02:16,785 [INFO]: 127.0.0.1 - - [20/Dec/2024 16:02:16] "GET /swagger/swagger-ui.css HTTP/1.1" 200 -
2024-12-20 16:02:18,636 [INFO]: 127.0.0.1 - - [20/Dec/2024 16:02:18] "GET /swagger/swagger-ui-standalone-preset.js HTTP/1.1" 200 -
2024-12-20 16:02:20,985 [INFO]: 127.0.0.1 - - [20/Dec/2024 16:02:20] "GET /swagger/swagger-ui-bundle.js HTTP/1.1" 200 -
2024-12-20 16:02:21,189 [INFO]: 127.0.0.1 - - [20/Dec/2024 16:02:21] "GET /static/swagger.json HTTP/1.1" 200 -
2024-12-20 16:07:14,064 [INFO]:  * Detected change in 'D:\\Flask\\WSD-job-backend\\app\\crawler\\crawler.py', reloading
2024-12-20 16:07:14,202 [INFO]:  * Restarting with stat
2024-12-20 16:07:15,756 [INFO]: Starting the Flask application...
2024-12-20 16:07:15,781 [WARNING]:  * Debugger is active!
2024-12-20 16:07:15,793 [INFO]:  * Debugger PIN: 806-238-390
2024-12-20 16:07:21,953 [INFO]:  * Detected change in 'D:\\Flask\\WSD-job-backend\\app\\crawler\\crawler.py', reloading
2024-12-20 16:07:22,081 [INFO]:  * Restarting with stat
2024-12-20 16:07:23,783 [INFO]: Starting the Flask application...
2024-12-20 16:07:23,811 [WARNING]:  * Debugger is active!
2024-12-20 16:07:23,823 [INFO]:  * Debugger PIN: 806-238-390
2024-12-20 16:07:33,994 [INFO]:  * Detected change in 'D:\\Flask\\WSD-job-backend\\app\\crawler\\crawler.py', reloading
2024-12-20 16:07:34,242 [INFO]:  * Restarting with stat
2024-12-20 16:07:35,978 [INFO]: Starting the Flask application...
2024-12-20 16:07:36,000 [WARNING]:  * Debugger is active!
2024-12-20 16:07:36,010 [INFO]:  * Debugger PIN: 806-238-390
2024-12-20 16:07:48,232 [INFO]:  * Detected change in 'D:\\Flask\\WSD-job-backend\\app\\crawler\\crawler.py', reloading
2024-12-20 16:07:48,403 [INFO]:  * Restarting with stat
2024-12-20 16:07:50,356 [INFO]: Starting the Flask application...
2024-12-20 16:07:50,388 [WARNING]:  * Debugger is active!
2024-12-20 16:07:50,402 [INFO]:  * Debugger PIN: 806-238-390
2024-12-20 16:07:52,469 [INFO]:  * Detected change in 'D:\\Flask\\WSD-job-backend\\app\\crawler\\crawler.py', reloading
2024-12-20 16:07:52,616 [INFO]:  * Restarting with stat
2024-12-20 16:07:54,838 [INFO]: Starting the Flask application...
2024-12-20 16:07:54,876 [WARNING]:  * Debugger is active!
2024-12-20 16:07:54,892 [INFO]:  * Debugger PIN: 806-238-390
2024-12-20 16:07:59,017 [INFO]:  * Detected change in 'D:\\Flask\\WSD-job-backend\\app\\crawler\\crawler.py', reloading
2024-12-20 16:07:59,153 [INFO]:  * Restarting with stat
2024-12-20 16:08:01,329 [INFO]: Starting the Flask application...
2024-12-20 16:08:01,358 [WARNING]:  * Debugger is active!
2024-12-20 16:08:01,366 [INFO]:  * Debugger PIN: 806-238-390
2024-12-20 16:08:02,415 [INFO]:  * Detected change in 'D:\\Flask\\WSD-job-backend\\app\\crawler\\crawler.py', reloading
2024-12-20 16:08:02,568 [INFO]:  * Restarting with stat
2024-12-20 16:08:04,507 [INFO]: Starting the Flask application...
2024-12-20 16:08:04,534 [WARNING]:  * Debugger is active!
2024-12-20 16:08:04,540 [INFO]:  * Debugger PIN: 806-238-390
2024-12-20 16:08:42,114 [INFO]:  * Detected change in 'D:\\Flask\\WSD-job-backend\\app\\crawler\\crawler.py', reloading
2024-12-20 16:08:42,229 [INFO]:  * Restarting with stat
2024-12-20 16:08:43,888 [INFO]: Starting the Flask application...
2024-12-20 16:08:43,912 [WARNING]:  * Debugger is active!
2024-12-20 16:08:43,924 [INFO]:  * Debugger PIN: 806-238-390
